<testsuites tests="2" errors="0" failures="0" time="1.224">
<testsuite name="Web test" tests="2" skipped="0" errors="0" time="0.6599999999999999">
<testcase classname="Web test" name="GET / route works" time="0.563">

    </testcase>
<testcase classname="Web test" name="GET /about route works" time="0.097">

    </testcase>
</testsuite>
</testsuites>
